<?xml version="1.0" encoding="UTF-8"?>
<testng-results skipped="0" failed="0" ignored="0" total="2" passed="2">
  <reporter-output>
  </reporter-output>
  <suite name="Default suite" duration-ms="54" started-at="2020-01-16T19:49:36 CST" finished-at="2020-01-16T19:49:36 CST">
    <groups>
    </groups>
    <test name="Default test" duration-ms="54" started-at="2020-01-16T19:49:36 CST" finished-at="2020-01-16T19:49:36 CST">
      <class name="com.deepak.practice.Jenkins.CalcJenkinTest">
        <test-method status="PASS" signature="addTest()[pri:0, instance:com.deepak.practice.Jenkins.CalcJenkinTest@6d7b4f4c]" name="addTest" duration-ms="12" started-at="2020-01-16T19:49:36 CST" finished-at="2020-01-16T19:49:36 CST">
          <reporter-output>
          </reporter-output>
        </test-method> <!-- addTest -->
        <test-method status="PASS" signature="subTest()[pri:0, instance:com.deepak.practice.Jenkins.CalcJenkinTest@6d7b4f4c]" name="subTest" duration-ms="1" started-at="2020-01-16T19:49:36 CST" finished-at="2020-01-16T19:49:36 CST">
          <reporter-output>
          </reporter-output>
        </test-method> <!-- subTest -->
      </class> <!-- com.deepak.practice.Jenkins.CalcJenkinTest -->
    </test> <!-- Default test -->
  </suite> <!-- Default suite -->
</testng-results>
